
-----
Test: Test/test_user_get.py::TestUserGet::test_get_user_details_not_auth_negative (call)Time 2023-04-05 10:07:05.444258
Request method: GET
Request URL: https://petstore.swagger.io/v2123456789123456789
Request headers: https://petstore.swagger.io/v2123456789123456789
Request cookies: https://petstore.swagger.io/v2123456789123456789

Response code: 404Response text <html>
<head><title>404 Not Found</title></head>
<body>
<center><h1>404 Not Found</h1></center>
<hr><center>nginx</center>
</body>
</html>
Response cookies {}Response headers {'Date': 'Wed, 05 Apr 2023 07:07:05 GMT', 'Content-Type': 'text/html', 'Transfer-Encoding': 'chunked', 'Connection': 'keep-alive', 'Server': 'nginx', 'Vary': 'Accept-Encoding', 'Access-Control-Allow-Origin': '*', 'Access-Control-Allow-Methods': 'GET, POST, OPTIONS', 'Access-Control-Allow-Headers': 'DNT,X-CustomHeader,Keep-Alive,User-Agent,X-Requested-With,If-Modified-Since,Cache-Control,Content-Type', 'Content-Encoding': 'gzip'}
-----

-----
Test: Test/test_user_get.py::TestUserGet::test_get_user_details (call)Time 2023-04-05 10:07:06.068412
Request method: GET
Request URL: https://petstore.swagger.io/v2/user/user
Request headers: https://petstore.swagger.io/v2/user/user
Request cookies: https://petstore.swagger.io/v2/user/user

Response code: 404Response text {"code":1,"type":"error","message":"User not found"}Response cookies {}Response headers {'Date': 'Wed, 05 Apr 2023 07:07:06 GMT', 'Content-Type': 'application/json', 'Transfer-Encoding': 'chunked', 'Connection': 'keep-alive', 'Access-Control-Allow-Origin': '*', 'Access-Control-Allow-Methods': 'GET, POST, DELETE, PUT', 'Access-Control-Allow-Headers': 'Content-Type, api_key, Authorization', 'Server': 'Jetty(9.2.9.v20150224)'}
-----

-----
Test: Test/test_user_get.py::TestUserGet::test_get_user_details_auth_as_some_user (call)Time 2023-04-05 10:07:06.671225
Request method: POST
Request URL: https://petstore.swagger.io/v2/user/login
Request headers: https://petstore.swagger.io/v2/user/login
Request cookies: https://petstore.swagger.io/v2/user/login

Response code: 405Response text <?xml version="1.0" encoding="UTF-8" standalone="yes"?><apiResponse><type>unknown</type></apiResponse>Response cookies {}Response headers {'Date': 'Wed, 05 Apr 2023 07:07:07 GMT', 'Content-Type': 'application/xml', 'Content-Length': '102', 'Connection': 'keep-alive', 'Access-Control-Allow-Origin': '*', 'Access-Control-Allow-Methods': 'GET, POST, DELETE, PUT', 'Access-Control-Allow-Headers': 'Content-Type, api_key, Authorization', 'Server': 'Jetty(9.2.9.v20150224)'}
-----
